<?xml version="1.0" encoding="UTF-8"?>
<testsuite name="com.researchdwit.rara.PopcornRaraApplicationTests" tests="1" skipped="0" failures="0" errors="0" timestamp="2015-09-23T04:47:50" hostname="saneel-imusm" time="0.005">
  <properties/>
  <testcase name="contextLoads" classname="com.researchdwit.rara.PopcornRaraApplicationTests" time="0.005"/>
  <system-out><![CDATA[10:32:44.913 [Test worker] DEBUG o.s.t.c.j.SpringJUnit4ClassRunner - SpringJUnit4ClassRunner constructor called with [class com.researchdwit.rara.PopcornRaraApplicationTests].
10:32:44.923 [Test worker] DEBUG o.s.test.context.BootstrapUtils - Instantiating TestContextBootstrapper from class [org.springframework.test.context.web.WebTestContextBootstrapper]
10:32:44.950 [Test worker] DEBUG o.s.t.c.w.WebTestContextBootstrapper - Found explicit ContextLoader class [org.springframework.boot.test.SpringApplicationContextLoader] for context configuration attributes [ContextConfigurationAttributes@39c113ab declaringClass = 'com.researchdwit.rara.PopcornRaraApplicationTests', classes = '{class com.researchdwit.rara.PopcornRaraApplication}', locations = '{}', inheritLocations = true, initializers = '{}', inheritInitializers = true, name = [null], contextLoaderClass = 'org.springframework.boot.test.SpringApplicationContextLoader']
10:32:44.956 [Test worker] DEBUG o.s.t.c.support.ActiveProfilesUtils - Could not find an 'annotation declaring class' for annotation type [org.springframework.test.context.ActiveProfiles] and class [com.researchdwit.rara.PopcornRaraApplicationTests]
10:32:44.964 [Test worker] DEBUG o.s.t.c.w.WebTestContextBootstrapper - @TestExecutionListeners is not present for class [com.researchdwit.rara.PopcornRaraApplicationTests]: using defaults.
10:32:44.972 [Test worker] INFO  o.s.t.c.w.WebTestContextBootstrapper - Loaded default TestExecutionListener class names from location [META-INF/spring.factories]: [org.springframework.test.context.web.ServletTestExecutionListener, org.springframework.test.context.support.DependencyInjectionTestExecutionListener, org.springframework.test.context.support.DirtiesContextTestExecutionListener, org.springframework.test.context.transaction.TransactionalTestExecutionListener, org.springframework.test.context.jdbc.SqlScriptsTestExecutionListener]
10:32:44.997 [Test worker] INFO  o.s.t.c.w.WebTestContextBootstrapper - Using TestExecutionListeners: [org.springframework.test.context.web.ServletTestExecutionListener@4647aec0, org.springframework.test.context.support.DependencyInjectionTestExecutionListener@26510145, org.springframework.test.context.support.DirtiesContextTestExecutionListener@2c9c770d, org.springframework.test.context.transaction.TransactionalTestExecutionListener@6763e19d, org.springframework.test.context.jdbc.SqlScriptsTestExecutionListener@1ca9721f]
10:32:45.003 [Test worker] DEBUG o.s.t.annotation.ProfileValueUtils - Retrieved @ProfileValueSourceConfiguration [null] for test class [com.researchdwit.rara.PopcornRaraApplicationTests]
10:32:45.004 [Test worker] DEBUG o.s.t.annotation.ProfileValueUtils - Retrieved ProfileValueSource type [class org.springframework.test.annotation.SystemProfileValueSource] for class [com.researchdwit.rara.PopcornRaraApplicationTests]
10:32:45.005 [Test worker] DEBUG o.s.t.annotation.ProfileValueUtils - Retrieved @ProfileValueSourceConfiguration [null] for test class [com.researchdwit.rara.PopcornRaraApplicationTests]
10:32:45.006 [Test worker] DEBUG o.s.t.annotation.ProfileValueUtils - Retrieved ProfileValueSource type [class org.springframework.test.annotation.SystemProfileValueSource] for class [com.researchdwit.rara.PopcornRaraApplicationTests]
10:32:45.010 [Test worker] DEBUG o.s.t.annotation.ProfileValueUtils - Retrieved @ProfileValueSourceConfiguration [null] for test class [com.researchdwit.rara.PopcornRaraApplicationTests]
10:32:45.010 [Test worker] DEBUG o.s.t.annotation.ProfileValueUtils - Retrieved ProfileValueSource type [class org.springframework.test.annotation.SystemProfileValueSource] for class [com.researchdwit.rara.PopcornRaraApplicationTests]
10:32:45.086 [Test worker] DEBUG o.s.core.env.StandardEnvironment - Adding [systemProperties] PropertySource with lowest search precedence
10:32:45.088 [Test worker] DEBUG o.s.core.env.StandardEnvironment - Adding [systemEnvironment] PropertySource with lowest search precedence
10:32:45.088 [Test worker] DEBUG o.s.core.env.StandardEnvironment - Initialized StandardEnvironment with PropertySources [systemProperties,systemEnvironment]
10:32:45.090 [Test worker] DEBUG o.s.core.env.StandardEnvironment - Adding [integrationTest] PropertySource with search precedence immediately lower than [systemEnvironment]

  .   ____          _            __ _ _
 /\\ / ___'_ __ _ _(_)_ __  __ _ \ \ \ \
( ( )\___ | '_ | '_| | '_ \/ _` | \ \ \ \
 \\/  ___)| |_)| | | | | || (_| |  ) ) ) )
  '  |____| .__|_| |_|_| |_\__, | / / / /
 =========|_|==============|___/=/_/_/_/
 :: Spring Boot ::        (v1.2.5.RELEASE)

2015-09-23 10:32:45.330  INFO 13699 --- [    Test worker] c.r.rara.PopcornRaraApplicationTests     : Starting PopcornRaraApplicationTests on saneel-imusm with PID 13699 (/home/saneel/Documents/rara/Popcorn_RARA/build/classes/test started by saneel in /home/saneel/Documents/rara/Popcorn_RARA)
2015-09-23 10:32:45.404  INFO 13699 --- [    Test worker] o.s.w.c.s.GenericWebApplicationContext   : Refreshing org.springframework.web.context.support.GenericWebApplicationContext@4e70ad6e: startup date [Wed Sep 23 10:32:45 NPT 2015]; root of context hierarchy
2015-09-23 10:32:46.306  INFO 13699 --- [    Test worker] o.s.b.f.s.DefaultListableBeanFactory     : Overriding bean definition for bean 'beanNameViewResolver': replacing [Root bean: class [null]; scope=; abstract=false; lazyInit=false; autowireMode=3; dependencyCheck=0; autowireCandidate=true; primary=false; factoryBeanName=org.springframework.boot.autoconfigure.web.ErrorMvcAutoConfiguration$WhitelabelErrorViewConfiguration; factoryMethodName=beanNameViewResolver; initMethodName=null; destroyMethodName=(inferred); defined in class path resource [org/springframework/boot/autoconfigure/web/ErrorMvcAutoConfiguration$WhitelabelErrorViewConfiguration.class]] with [Root bean: class [null]; scope=; abstract=false; lazyInit=false; autowireMode=3; dependencyCheck=0; autowireCandidate=true; primary=false; factoryBeanName=org.springframework.boot.autoconfigure.web.WebMvcAutoConfiguration$WebMvcAutoConfigurationAdapter; factoryMethodName=beanNameViewResolver; initMethodName=null; destroyMethodName=(inferred); defined in class path resource [org/springframework/boot/autoconfigure/web/WebMvcAutoConfiguration$WebMvcAutoConfigurationAdapter.class]]
2015-09-23 10:32:46.936  INFO 13699 --- [    Test worker] trationDelegate$BeanPostProcessorChecker : Bean 'org.springframework.transaction.annotation.ProxyTransactionManagementConfiguration' of type [class org.springframework.transaction.annotation.ProxyTransactionManagementConfiguration$$EnhancerBySpringCGLIB$$dc361a0f] is not eligible for getting processed by all BeanPostProcessors (for example: not eligible for auto-proxying)
2015-09-23 10:32:46.962  INFO 13699 --- [    Test worker] trationDelegate$BeanPostProcessorChecker : Bean 'transactionAttributeSource' of type [class org.springframework.transaction.annotation.AnnotationTransactionAttributeSource] is not eligible for getting processed by all BeanPostProcessors (for example: not eligible for auto-proxying)
2015-09-23 10:32:46.976  INFO 13699 --- [    Test worker] trationDelegate$BeanPostProcessorChecker : Bean 'transactionInterceptor' of type [class org.springframework.transaction.interceptor.TransactionInterceptor] is not eligible for getting processed by all BeanPostProcessors (for example: not eligible for auto-proxying)
2015-09-23 10:32:46.984  INFO 13699 --- [    Test worker] trationDelegate$BeanPostProcessorChecker : Bean 'org.springframework.transaction.config.internalTransactionAdvisor' of type [class org.springframework.transaction.interceptor.BeanFactoryTransactionAttributeSourceAdvisor] is not eligible for getting processed by all BeanPostProcessors (for example: not eligible for auto-proxying)
2015-09-23 10:32:48.246  INFO 13699 --- [    Test worker] o.s.s.web.DefaultSecurityFilterChain     : Creating filter chain: org.springframework.security.web.util.matcher.AnyRequestMatcher@1, [org.springframework.security.web.context.request.async.WebAsyncManagerIntegrationFilter@c85673c, org.springframework.security.web.context.SecurityContextPersistenceFilter@281977c1, org.springframework.security.web.header.HeaderWriterFilter@145a2c93, org.springframework.security.web.csrf.CsrfFilter@6303ce86, org.springframework.security.web.authentication.logout.LogoutFilter@2e91fff1, org.springframework.security.web.authentication.UsernamePasswordAuthenticationFilter@15e672e7, org.springframework.security.web.savedrequest.RequestCacheAwareFilter@7df2d6f6, org.springframework.security.web.servletapi.SecurityContextHolderAwareRequestFilter@64acc161, org.springframework.security.web.authentication.AnonymousAuthenticationFilter@26181041, org.springframework.security.web.session.SessionManagementFilter@149b3303, org.springframework.security.web.access.ExceptionTranslationFilter@343e8d33, org.springframework.security.web.access.intercept.FilterSecurityInterceptor@1ba29f02]
2015-09-23 10:32:50.279  INFO 13699 --- [    Test worker] s.w.s.m.m.a.RequestMappingHandlerAdapter : Looking for @ControllerAdvice: org.springframework.web.context.support.GenericWebApplicationContext@4e70ad6e: startup date [Wed Sep 23 10:32:45 NPT 2015]; root of context hierarchy
2015-09-23 10:32:50.344  INFO 13699 --- [    Test worker] s.w.s.m.m.a.RequestMappingHandlerMapping : Mapped "{[/login],methods=[GET || POST]}" onto public org.springframework.web.servlet.ModelAndView com.researchdwit.rara.controller.HelloController.login(java.lang.String,java.lang.String)
2015-09-23 10:32:50.345  INFO 13699 --- [    Test worker] s.w.s.m.m.a.RequestMappingHandlerMapping : Mapped "{[/403],methods=[GET]}" onto public org.springframework.web.servlet.ModelAndView com.researchdwit.rara.controller.HelloController.accesssDenied()
2015-09-23 10:32:50.345  INFO 13699 --- [    Test worker] s.w.s.m.m.a.RequestMappingHandlerMapping : Mapped "{[/]}" onto java.lang.String com.researchdwit.rara.controller.HelloController.index()
2015-09-23 10:32:50.347  INFO 13699 --- [    Test worker] s.w.s.m.m.a.RequestMappingHandlerMapping : Mapped "{[/error],produces=[text/html]}" onto public org.springframework.web.servlet.ModelAndView org.springframework.boot.autoconfigure.web.BasicErrorController.errorHtml(javax.servlet.http.HttpServletRequest)
2015-09-23 10:32:50.348  INFO 13699 --- [    Test worker] s.w.s.m.m.a.RequestMappingHandlerMapping : Mapped "{[/error]}" onto public org.springframework.http.ResponseEntity<java.util.Map<java.lang.String, java.lang.Object>> org.springframework.boot.autoconfigure.web.BasicErrorController.error(javax.servlet.http.HttpServletRequest)
2015-09-23 10:32:50.382  INFO 13699 --- [    Test worker] o.s.w.s.handler.SimpleUrlHandlerMapping  : Mapped URL path [/webjars/**] onto handler of type [class org.springframework.web.servlet.resource.ResourceHttpRequestHandler]
2015-09-23 10:32:50.382  INFO 13699 --- [    Test worker] o.s.w.s.handler.SimpleUrlHandlerMapping  : Mapped URL path [/**] onto handler of type [class org.springframework.web.servlet.resource.ResourceHttpRequestHandler]
2015-09-23 10:32:50.429  INFO 13699 --- [    Test worker] o.s.w.s.handler.SimpleUrlHandlerMapping  : Mapped URL path [/**/favicon.ico] onto handler of type [class org.springframework.web.servlet.resource.ResourceHttpRequestHandler]
2015-09-23 10:32:50.819  INFO 13699 --- [    Test worker] c.r.rara.PopcornRaraApplicationTests     : Started PopcornRaraApplicationTests in 5.719 seconds (JVM running for 7.281)
]]></system-out>
  <system-err><![CDATA[]]></system-err>
</testsuite>
