<?xml version="1.0" encoding="UTF-8"?>
<testsuite name="com.researchdwit.rara.PopcornRaraApplicationTests" tests="1" skipped="0" failures="0" errors="0" timestamp="2015-09-07T10:57:12" hostname="dwnpcpu199-PC" time="0.002">
  <properties/>
  <testcase name="contextLoads" classname="com.researchdwit.rara.PopcornRaraApplicationTests" time="0.002"/>
  <system-out><![CDATA[16:42:09.224 [Test worker] DEBUG o.s.t.c.j.SpringJUnit4ClassRunner - SpringJUnit4ClassRunner constructor called with [class com.researchdwit.rara.PopcornRaraApplicationTests].
16:42:09.232 [Test worker] DEBUG o.s.test.context.BootstrapUtils - Instantiating TestContextBootstrapper from class [org.springframework.test.context.web.WebTestContextBootstrapper]
16:42:09.252 [Test worker] DEBUG o.s.t.c.w.WebTestContextBootstrapper - Found explicit ContextLoader class [org.springframework.boot.test.SpringApplicationContextLoader] for context configuration attributes [ContextConfigurationAttributes@55aa7971 declaringClass = 'com.researchdwit.rara.PopcornRaraApplicationTests', classes = '{class com.researchdwit.rara.PopcornRaraApplication}', locations = '{}', inheritLocations = true, initializers = '{}', inheritInitializers = true, name = [null], contextLoaderClass = 'org.springframework.boot.test.SpringApplicationContextLoader']
16:42:09.264 [Test worker] DEBUG o.s.t.c.support.ActiveProfilesUtils - Could not find an 'annotation declaring class' for annotation type [org.springframework.test.context.ActiveProfiles] and class [com.researchdwit.rara.PopcornRaraApplicationTests]
16:42:09.268 [Test worker] DEBUG o.s.t.c.w.WebTestContextBootstrapper - @TestExecutionListeners is not present for class [com.researchdwit.rara.PopcornRaraApplicationTests]: using defaults.
16:42:09.278 [Test worker] INFO  o.s.t.c.w.WebTestContextBootstrapper - Loaded default TestExecutionListener class names from location [META-INF/spring.factories]: [org.springframework.test.context.web.ServletTestExecutionListener, org.springframework.test.context.support.DependencyInjectionTestExecutionListener, org.springframework.test.context.support.DirtiesContextTestExecutionListener, org.springframework.test.context.transaction.TransactionalTestExecutionListener, org.springframework.test.context.jdbc.SqlScriptsTestExecutionListener]
16:42:09.290 [Test worker] INFO  o.s.t.c.w.WebTestContextBootstrapper - Could not instantiate TestExecutionListener [org.springframework.test.context.transaction.TransactionalTestExecutionListener]. Specify custom listener classes or make the default listener classes (and their required dependencies) available. Offending class: [org/springframework/transaction/interceptor/TransactionAttributeSource]
16:42:09.290 [Test worker] INFO  o.s.t.c.w.WebTestContextBootstrapper - Could not instantiate TestExecutionListener [org.springframework.test.context.jdbc.SqlScriptsTestExecutionListener]. Specify custom listener classes or make the default listener classes (and their required dependencies) available. Offending class: [org/springframework/transaction/interceptor/TransactionAttribute]
16:42:09.292 [Test worker] INFO  o.s.t.c.w.WebTestContextBootstrapper - Using TestExecutionListeners: [org.springframework.test.context.web.ServletTestExecutionListener@2881460c, org.springframework.test.context.support.DependencyInjectionTestExecutionListener@3f1dd29a, org.springframework.test.context.support.DirtiesContextTestExecutionListener@3eed9cd5]
16:42:09.294 [Test worker] DEBUG o.s.t.annotation.ProfileValueUtils - Retrieved @ProfileValueSourceConfiguration [null] for test class [com.researchdwit.rara.PopcornRaraApplicationTests]
16:42:09.295 [Test worker] DEBUG o.s.t.annotation.ProfileValueUtils - Retrieved ProfileValueSource type [class org.springframework.test.annotation.SystemProfileValueSource] for class [com.researchdwit.rara.PopcornRaraApplicationTests]
16:42:09.296 [Test worker] DEBUG o.s.t.annotation.ProfileValueUtils - Retrieved @ProfileValueSourceConfiguration [null] for test class [com.researchdwit.rara.PopcornRaraApplicationTests]
16:42:09.296 [Test worker] DEBUG o.s.t.annotation.ProfileValueUtils - Retrieved ProfileValueSource type [class org.springframework.test.annotation.SystemProfileValueSource] for class [com.researchdwit.rara.PopcornRaraApplicationTests]
16:42:09.298 [Test worker] DEBUG o.s.t.annotation.ProfileValueUtils - Retrieved @ProfileValueSourceConfiguration [null] for test class [com.researchdwit.rara.PopcornRaraApplicationTests]
16:42:09.299 [Test worker] DEBUG o.s.t.annotation.ProfileValueUtils - Retrieved ProfileValueSource type [class org.springframework.test.annotation.SystemProfileValueSource] for class [com.researchdwit.rara.PopcornRaraApplicationTests]
16:42:09.370 [Test worker] DEBUG o.s.core.env.StandardEnvironment - Adding [systemProperties] PropertySource with lowest search precedence
16:42:09.372 [Test worker] DEBUG o.s.core.env.StandardEnvironment - Adding [systemEnvironment] PropertySource with lowest search precedence
16:42:09.372 [Test worker] DEBUG o.s.core.env.StandardEnvironment - Initialized StandardEnvironment with PropertySources [systemProperties,systemEnvironment]
16:42:09.373 [Test worker] DEBUG o.s.core.env.StandardEnvironment - Adding [integrationTest] PropertySource with search precedence immediately lower than [systemEnvironment]

  .   ____          _            __ _ _
 /\\ / ___'_ __ _ _(_)_ __  __ _ \ \ \ \
( ( )\___ | '_ | '_| | '_ \/ _` | \ \ \ \
 \\/  ___)| |_)| | | | | || (_| |  ) ) ) )
  '  |____| .__|_| |_|_| |_\__, | / / / /
 =========|_|==============|___/=/_/_/_/
 :: Spring Boot ::        (v1.2.5.RELEASE)

2015-09-07 16:42:09.571  INFO 1888 --- [    Test worker] c.r.rara.PopcornRaraApplicationTests     : Starting PopcornRaraApplicationTests on dwnpcpu199-PC with PID 1888 (D:\stsworkstation\Popcorn_RARA\build\classes\test started by anishrestha in D:\stsworkstation\Popcorn_RARA)
2015-09-07 16:42:09.637  INFO 1888 --- [    Test worker] o.s.w.c.s.GenericWebApplicationContext   : Refreshing org.springframework.web.context.support.GenericWebApplicationContext@6e0ace69: startup date [Mon Sep 07 16:42:09 NPT 2015]; root of context hierarchy
2015-09-07 16:42:10.564  INFO 1888 --- [    Test worker] o.s.b.f.s.DefaultListableBeanFactory     : Overriding bean definition for bean 'beanNameViewResolver': replacing [Root bean: class [null]; scope=; abstract=false; lazyInit=false; autowireMode=3; dependencyCheck=0; autowireCandidate=true; primary=false; factoryBeanName=org.springframework.boot.autoconfigure.web.ErrorMvcAutoConfiguration$WhitelabelErrorViewConfiguration; factoryMethodName=beanNameViewResolver; initMethodName=null; destroyMethodName=(inferred); defined in class path resource [org/springframework/boot/autoconfigure/web/ErrorMvcAutoConfiguration$WhitelabelErrorViewConfiguration.class]] with [Root bean: class [null]; scope=; abstract=false; lazyInit=false; autowireMode=3; dependencyCheck=0; autowireCandidate=true; primary=false; factoryBeanName=org.springframework.boot.autoconfigure.web.WebMvcAutoConfiguration$WebMvcAutoConfigurationAdapter; factoryMethodName=beanNameViewResolver; initMethodName=null; destroyMethodName=(inferred); defined in class path resource [org/springframework/boot/autoconfigure/web/WebMvcAutoConfiguration$WebMvcAutoConfigurationAdapter.class]]
2015-09-07 16:42:12.000  INFO 1888 --- [    Test worker] o.s.s.web.DefaultSecurityFilterChain     : Creating filter chain: org.springframework.security.web.util.matcher.AnyRequestMatcher@1, [org.springframework.security.web.context.request.async.WebAsyncManagerIntegrationFilter@45e83537, org.springframework.security.web.context.SecurityContextPersistenceFilter@2a9c1149, org.springframework.security.web.header.HeaderWriterFilter@3e322a4c, org.springframework.security.web.csrf.CsrfFilter@b4280ec, org.springframework.security.web.authentication.logout.LogoutFilter@68092b46, org.springframework.security.web.authentication.UsernamePasswordAuthenticationFilter@1932f1d0, org.springframework.security.web.savedrequest.RequestCacheAwareFilter@177a26e, org.springframework.security.web.servletapi.SecurityContextHolderAwareRequestFilter@24923e8c, org.springframework.security.web.authentication.AnonymousAuthenticationFilter@ffdd1bc, org.springframework.security.web.session.SessionManagementFilter@e856758, org.springframework.security.web.access.ExceptionTranslationFilter@f787759, org.springframework.security.web.access.intercept.FilterSecurityInterceptor@37264b74]
2015-09-07 16:42:12.344  INFO 1888 --- [    Test worker] s.w.s.m.m.a.RequestMappingHandlerAdapter : Looking for @ControllerAdvice: org.springframework.web.context.support.GenericWebApplicationContext@6e0ace69: startup date [Mon Sep 07 16:42:09 NPT 2015]; root of context hierarchy
2015-09-07 16:42:12.433  INFO 1888 --- [    Test worker] s.w.s.m.m.a.RequestMappingHandlerMapping : Mapped "{[/]}" onto public java.lang.String com.researchdwit.rara.controller.HelloController.index()
2015-09-07 16:42:12.433  INFO 1888 --- [    Test worker] s.w.s.m.m.a.RequestMappingHandlerMapping : Mapped "{[/login]}" onto public java.lang.String com.researchdwit.rara.controller.HelloController.login()
2015-09-07 16:42:12.434  INFO 1888 --- [    Test worker] s.w.s.m.m.a.RequestMappingHandlerMapping : Mapped "{[/hello]}" onto public java.lang.String com.researchdwit.rara.controller.HelloController.hello()
2015-09-07 16:42:12.434  INFO 1888 --- [    Test worker] s.w.s.m.m.a.RequestMappingHandlerMapping : Mapped "{[/add]}" onto public java.lang.String com.researchdwit.rara.controller.HelloController.addItem()
2015-09-07 16:42:12.437  INFO 1888 --- [    Test worker] s.w.s.m.m.a.RequestMappingHandlerMapping : Mapped "{[/error]}" onto public org.springframework.http.ResponseEntity<java.util.Map<java.lang.String, java.lang.Object>> org.springframework.boot.autoconfigure.web.BasicErrorController.error(javax.servlet.http.HttpServletRequest)
2015-09-07 16:42:12.437  INFO 1888 --- [    Test worker] s.w.s.m.m.a.RequestMappingHandlerMapping : Mapped "{[/error],produces=[text/html]}" onto public org.springframework.web.servlet.ModelAndView org.springframework.boot.autoconfigure.web.BasicErrorController.errorHtml(javax.servlet.http.HttpServletRequest)
2015-09-07 16:42:12.476  INFO 1888 --- [    Test worker] o.s.w.s.handler.SimpleUrlHandlerMapping  : Mapped URL path [/**] onto handler of type [class org.springframework.web.servlet.resource.ResourceHttpRequestHandler]
2015-09-07 16:42:12.476  INFO 1888 --- [    Test worker] o.s.w.s.handler.SimpleUrlHandlerMapping  : Mapped URL path [/webjars/**] onto handler of type [class org.springframework.web.servlet.resource.ResourceHttpRequestHandler]
2015-09-07 16:42:12.538  INFO 1888 --- [    Test worker] o.s.w.s.handler.SimpleUrlHandlerMapping  : Mapped URL path [/**/favicon.ico] onto handler of type [class org.springframework.web.servlet.resource.ResourceHttpRequestHandler]
2015-09-07 16:42:12.781  INFO 1888 --- [    Test worker] c.r.rara.PopcornRaraApplicationTests     : Started PopcornRaraApplicationTests in 3.397 seconds (JVM running for 4.262)
]]></system-out>
  <system-err><![CDATA[]]></system-err>
</testsuite>
